<?xml version="1.0" encoding="UTF-8"?>
<!-- Generated by org.testng.reporters.JUnitXMLReporter -->
<testsuite ignored="0" hostname="LAPTOP-HKAS7DO7" failures="1" tests="3" name="SeleniumFramework" time="0.141" errors="0" timestamp="2019-05-01T13:14:39 BST">
  <testcase classname="TestNGDemo.TestSequence" name="Testa" time="0.015"/>
  <testcase classname="TestNGDemo.TestSequence" name="Testc" time="0.002">
    <failure type="java.lang.IndexOutOfBoundsException" message="Index 2 out of bounds for length 0">
      <![CDATA[java.lang.IndexOutOfBoundsException: Index 2 out of bounds for length 0
at java.base/jdk.internal.util.Preconditions.outOfBounds(Preconditions.java:64)
at java.base/jdk.internal.util.Preconditions.outOfBoundsCheckIndex(Preconditions.java:70)
at java.base/jdk.internal.util.Preconditions.checkIndex(Preconditions.java:248)
at java.base/java.util.Objects.checkIndex(Objects.java:372)
at java.base/java.util.ArrayList.get(ArrayList.java:458)
at TestNGDemo.TestSequence.Testc(TestSequence.java:21)
... Removed 26 stack frames]]>
    </failure>
  </testcase> <!-- Testc -->
  <testcase classname="TestNGDemo.TestSequence" name="Testb" time="0.0">
    <skipped/>
  </testcase> <!-- Testb -->
</testsuite> <!-- SeleniumFramework -->
