<?xml version="1.0" encoding="UTF-8"?>
<testng-results skipped="0" failed="0" ignored="0" total="0" passed="0">
  <reporter-output>
  </reporter-output>
  <suite name="Command line suite" duration-ms="13" started-at="2019-05-01T12:59:33 BST" finished-at="2019-05-01T12:59:33 BST">
    <groups>
    </groups>
    <test name="Command line test" duration-ms="13" started-at="2019-05-01T12:59:33 BST" finished-at="2019-05-01T12:59:33 BST">
    </test> <!-- Command line test -->
  </suite> <!-- Command line suite -->
</testng-results>
